#! /home/dvl/.local/install/ivl/bin/vvp
:ivl_version "10.1 (stable)" "(v10_1-75-g306d2fb)";
:ivl_delay_selection "TYPICAL";
:vpi_time_precision - 12;
:vpi_module "system";
:vpi_module "vhdl_sys";
:vpi_module "v2005_math";
:vpi_module "va_math";
S_0x23bbaf0 .scope module, "BUF" "BUF" 2 1;
 .timescale 0 0;
    .port_info 0 /INPUT 1 "A"
    .port_info 1 /OUTPUT 1 "Y"
o0x7f762a3bc018 .functor BUFZ 1, C4<z>; HiZ drive
L_0x2412120 .functor BUFZ 1, o0x7f762a3bc018, C4<0>, C4<0>, C4<0>;
v0x23cc1c0_0 .net "A", 0 0, o0x7f762a3bc018;  0 drivers
v0x23fa400_0 .net "Y", 0 0, L_0x2412120;  1 drivers
S_0x23b4250 .scope module, "DFF" "DFF" 2 25;
 .timescale 0 0;
    .port_info 0 /INPUT 1 "C"
    .port_info 1 /INPUT 1 "D"
    .port_info 2 /OUTPUT 1 "Q"
P_0x23d1380 .param/real "tpmax" 0 2 29, Cr<m5400000000000000gfc5>; value=10.5000
P_0x23d13c0 .param/real "tpmin" 0 2 27, Cr<m6000000000000000gfc2>; value=1.50000
P_0x23d1400 .param/real "tptyp" 0 2 28, Cr<m7b33333333333400gfc4>; value=7.70000
o0x7f762a3bc0d8 .functor BUFZ 1, C4<z>; HiZ drive
v0x23fa580_0 .net "C", 0 0, o0x7f762a3bc0d8;  0 drivers
o0x7f762a3bc108 .functor BUFZ 1, C4<z>; HiZ drive
v0x23fa660_0 .net "D", 0 0, o0x7f762a3bc108;  0 drivers
v0x23fa720_0 .var "Q", 0 0;
E_0x23fa520 .event posedge, v0x23fa580_0;
S_0x23b8e80 .scope module, "DFFSR" "DFFSR" 2 37;
 .timescale 0 0;
    .port_info 0 /INPUT 1 "C"
    .port_info 1 /INPUT 1 "D"
    .port_info 2 /OUTPUT 1 "Q"
    .port_info 3 /INPUT 1 "S"
    .port_info 4 /INPUT 1 "R"
o0x7f762a3bc1f8 .functor BUFZ 1, C4<z>; HiZ drive
v0x23fa8d0_0 .net "C", 0 0, o0x7f762a3bc1f8;  0 drivers
o0x7f762a3bc228 .functor BUFZ 1, C4<z>; HiZ drive
v0x23fa9b0_0 .net "D", 0 0, o0x7f762a3bc228;  0 drivers
v0x23faa70_0 .var "Q", 0 0;
o0x7f762a3bc288 .functor BUFZ 1, C4<z>; HiZ drive
v0x23fab40_0 .net "R", 0 0, o0x7f762a3bc288;  0 drivers
o0x7f762a3bc2b8 .functor BUFZ 1, C4<z>; HiZ drive
v0x23fac00_0 .net "S", 0 0, o0x7f762a3bc2b8;  0 drivers
E_0x23fa870 .event posedge, v0x23fab40_0, v0x23fac00_0, v0x23fa8d0_0;
S_0x23b8500 .scope module, "NAND" "NAND" 2 13;
 .timescale 0 0;
    .port_info 0 /INPUT 1 "A"
    .port_info 1 /INPUT 1 "B"
    .port_info 2 /OUTPUT 1 "Y"
o0x7f762a3bc3d8 .functor BUFZ 1, C4<z>; HiZ drive
o0x7f762a3bc408 .functor BUFZ 1, C4<z>; HiZ drive
L_0x2412190 .functor AND 1, o0x7f762a3bc3d8, o0x7f762a3bc408, C4<1>, C4<1>;
L_0x2412290 .functor NOT 1, L_0x2412190, C4<0>, C4<0>, C4<0>;
v0x23fadb0_0 .net "A", 0 0, o0x7f762a3bc3d8;  0 drivers
v0x23fae90_0 .net "B", 0 0, o0x7f762a3bc408;  0 drivers
v0x23faf50_0 .net "Y", 0 0, L_0x2412290;  1 drivers
v0x23faff0_0 .net *"_s0", 0 0, L_0x2412190;  1 drivers
S_0x23b8010 .scope module, "NOR" "NOR" 2 19;
 .timescale 0 0;
    .port_info 0 /INPUT 1 "A"
    .port_info 1 /INPUT 1 "B"
    .port_info 2 /OUTPUT 1 "Y"
o0x7f762a3bc528 .functor BUFZ 1, C4<z>; HiZ drive
o0x7f762a3bc558 .functor BUFZ 1, C4<z>; HiZ drive
L_0x2412330 .functor OR 1, o0x7f762a3bc528, o0x7f762a3bc558, C4<0>, C4<0>;
L_0x2412400 .functor NOT 1, L_0x2412330, C4<0>, C4<0>, C4<0>;
v0x23fb150_0 .net "A", 0 0, o0x7f762a3bc528;  0 drivers
v0x23fb210_0 .net "B", 0 0, o0x7f762a3bc558;  0 drivers
v0x23fb2d0_0 .net "Y", 0 0, L_0x2412400;  1 drivers
v0x23fb3a0_0 .net *"_s0", 0 0, L_0x2412330;  1 drivers
S_0x23b71d0 .scope module, "NOT" "NOT" 2 7;
 .timescale 0 0;
    .port_info 0 /INPUT 1 "A"
    .port_info 1 /OUTPUT 1 "Y"
o0x7f762a3bc678 .functor BUFZ 1, C4<z>; HiZ drive
L_0x24124f0 .functor NOT 1, o0x7f762a3bc678, C4<0>, C4<0>, C4<0>;
v0x23fb500_0 .net "A", 0 0, o0x7f762a3bc678;  0 drivers
v0x23fb5c0_0 .net "Y", 0 0, L_0x24124f0;  1 drivers
S_0x23b67f0 .scope module, "testregistro4bits" "testregistro4bits" 3 15;
 .timescale -9 -12;
v0x2411810_0 .var "clk", 0 0;
v0x24118d0_0 .var "d", 3 0;
v0x24119e0_0 .var "dir", 0 0;
v0x2411ad0_0 .var "enb", 0 0;
v0x2411bc0_0 .var "modo", 1 0;
v0x2411d00_0 .net "qc", 3 0, v0x23fbfb0_0;  1 drivers
v0x2411dc0_0 .net "qe", 3 0, v0x240cad0_0;  1 drivers
v0x2411e60_0 .var "s_in", 0 0;
v0x2411f50_0 .net "s_outc", 0 0, v0x23fc150_0;  1 drivers
v0x2412080_0 .net "s_oute", 0 0, v0x240cc80_0;  1 drivers
E_0x23fb6e0 .event edge, v0x240cc80_0, v0x23fc150_0;
E_0x23fb740 .event edge, v0x23fbfb0_0, v0x240cad0_0;
S_0x23fb7a0 .scope module, "conductual" "rdesplazanteconduct" 3 51, 4 1 0, S_0x23b67f0;
 .timescale 0 0;
    .port_info 0 /INPUT 1 "CLK"
    .port_info 1 /INPUT 1 "ENB"
    .port_info 2 /INPUT 1 "DIR"
    .port_info 3 /INPUT 1 "S_IN"
    .port_info 4 /INPUT 2 "MODE"
    .port_info 5 /INPUT 4 "D"
    .port_info 6 /OUTPUT 4 "Q"
    .port_info 7 /OUTPUT 1 "S_OUT"
v0x23fbb30_0 .net "CLK", 0 0, v0x2411810_0;  1 drivers
v0x23fbc10_0 .net "D", 3 0, v0x24118d0_0;  1 drivers
v0x23fbcf0_0 .net "DIR", 0 0, v0x24119e0_0;  1 drivers
v0x23fbdc0_0 .net "ENB", 0 0, v0x2411ad0_0;  1 drivers
v0x23fbe80_0 .net "MODE", 1 0, v0x2411bc0_0;  1 drivers
v0x23fbfb0_0 .var "Q", 3 0;
v0x23fc090_0 .net "S_IN", 0 0, v0x2411e60_0;  1 drivers
v0x23fc150_0 .var "S_OUT", 0 0;
E_0x23fbab0 .event posedge, v0x23fbb30_0;
S_0x23fc360 .scope module, "estructural" "rdesplazante" 3 40, 5 5 0, S_0x23b67f0;
 .timescale 0 0;
    .port_info 0 /INPUT 1 "CLK"
    .port_info 1 /INPUT 1 "ENB"
    .port_info 2 /INPUT 1 "DIR"
    .port_info 3 /INPUT 1 "S_IN"
    .port_info 4 /INPUT 2 "MODE"
    .port_info 5 /INPUT 4 "D"
    .port_info 6 /OUTPUT 4 "Q"
    .port_info 7 /OUTPUT 1 "S_OUT"
L_0x24127c0 .functor OR 1, L_0x2412590, L_0x2412660, C4<0>, C4<0>;
L_0x2412a20 .functor OR 1, L_0x2412880, L_0x2412920, C4<0>, C4<0>;
L_0x2412d10 .functor OR 1, L_0x2412b60, L_0x2412c00, C4<0>, C4<0>;
L_0x7f762a373018 .functor BUFT 1, C4<1>, C4<0>, C4<0>, C4<0>;
L_0x2413460 .functor XOR 1, L_0x2417300, L_0x7f762a373018, C4<0>, C4<0>;
L_0x7f762a373060 .functor BUFT 1, C4<1>, C4<0>, C4<0>, C4<0>;
L_0x2412700 .functor XOR 1, L_0x2417870, L_0x7f762a373060, C4<0>, C4<0>;
v0x23fc660_0 .net "CLK", 0 0, v0x2411810_0;  alias, 1 drivers
v0x23fc720_0 .net "D", 3 0, v0x24118d0_0;  alias, 1 drivers
v0x240c8a0_0 .net "DIR", 0 0, v0x24119e0_0;  alias, 1 drivers
v0x240c940_0 .net "ENB", 0 0, v0x2411ad0_0;  alias, 1 drivers
v0x240c9e0_0 .net "MODE", 1 0, v0x2411bc0_0;  alias, 1 drivers
v0x240cad0_0 .var "Q", 3 0;
v0x240cb90_0 .net "S_IN", 0 0, v0x2411e60_0;  alias, 1 drivers
v0x240cc80_0 .var "S_OUT", 0 0;
v0x240cd60_0 .net "_00_", 3 0, L_0x2416820;  1 drivers
v0x240ced0_0 .net "_01_", 0 0, L_0x24170d0;  1 drivers
v0x240cf90_0 .net "_02_", 0 0, L_0x2417490;  1 drivers
v0x240d070_0 .net "_03_", 1 0, L_0x2417210;  1 drivers
v0x240d170_0 .net "_04_", 1 0, L_0x2417780;  1 drivers
v0x240d250_0 .net "_05_", 0 0, L_0x24127c0;  1 drivers
v0x240d310_0 .net "_06_", 0 0, L_0x2412a20;  1 drivers
v0x240d3d0_0 .net "_07_", 0 0, L_0x2412d10;  1 drivers
v0x240d490_0 .net "_08_", 0 0, L_0x2412f10;  1 drivers
v0x240d640_0 .net "_09_", 0 0, L_0x24130f0;  1 drivers
v0x240d6e0_0 .net "_10_", 0 0, L_0x24134d0;  1 drivers
v0x240d780_0 .net "_11_", 0 0, L_0x2413600;  1 drivers
v0x240d820_0 .net "_12_", 0 0, L_0x24138b0;  1 drivers
v0x240d8e0_0 .net "_13_", 0 0, L_0x2413da0;  1 drivers
v0x240d9a0_0 .net "_14_", 0 0, L_0x24140a0;  1 drivers
v0x240da60_0 .net "_15_", 0 0, L_0x2414140;  1 drivers
v0x240db20_0 .net "_16_", 0 0, L_0x2414460;  1 drivers
v0x240dbe0_0 .net "_17_", 0 0, L_0x2414710;  1 drivers
v0x240dca0_0 .net "_18_", 1 0, L_0x2415290;  1 drivers
v0x240dd80_0 .net "_19_", 1 0, L_0x2414d20;  1 drivers
v0x240de60_0 .net "_20_", 1 0, L_0x2415df0;  1 drivers
v0x240df40_0 .net "_21_", 1 0, L_0x2416550;  1 drivers
v0x240e020_0 .net "_22_", 0 0, L_0x24173a0;  1 drivers
v0x240e0e0_0 .net *"_s1", 0 0, L_0x2412590;  1 drivers
v0x240e1c0_0 .net *"_s101", 0 0, L_0x2413f90;  1 drivers
v0x240d570_0 .net *"_s102", 0 0, L_0x2415420;  1 drivers
v0x240e490_0 .net *"_s107", 0 0, L_0x2415aa0;  1 drivers
v0x240e570_0 .net *"_s109", 0 0, L_0x2415b40;  1 drivers
v0x240e650_0 .net *"_s110", 0 0, L_0x2415820;  1 drivers
v0x240e730_0 .net *"_s116", 0 0, L_0x2415c70;  1 drivers
v0x240e810_0 .net *"_s118", 0 0, L_0x2415d10;  1 drivers
v0x240e8f0_0 .net *"_s119", 0 0, L_0x2416080;  1 drivers
v0x240e9d0_0 .net *"_s124", 0 0, L_0x2416210;  1 drivers
v0x240eab0_0 .net *"_s126", 0 0, L_0x2415ee0;  1 drivers
v0x240eb90_0 .net *"_s127", 0 0, L_0x2415f80;  1 drivers
v0x240ec70_0 .net *"_s13", 0 0, L_0x2412b60;  1 drivers
v0x240ed50_0 .net *"_s133", 0 0, L_0x2416640;  1 drivers
v0x240ee30_0 .net *"_s135", 0 0, L_0x2416300;  1 drivers
v0x240ef10_0 .net *"_s136", 0 0, L_0x24163a0;  1 drivers
v0x240eff0_0 .net *"_s141", 0 0, L_0x2416960;  1 drivers
v0x240f0d0_0 .net *"_s143", 0 0, L_0x2416a50;  1 drivers
v0x240f1b0_0 .net *"_s144", 0 0, L_0x24166e0;  1 drivers
v0x240f290_0 .net *"_s15", 0 0, L_0x2412c00;  1 drivers
v0x240f370_0 .net *"_s150", 0 0, L_0x2416af0;  1 drivers
v0x240f450_0 .net *"_s152", 0 0, L_0x2416b90;  1 drivers
v0x240f530_0 .net *"_s153", 0 0, L_0x2416c30;  1 drivers
v0x240f610_0 .net *"_s158", 0 0, L_0x2416e20;  1 drivers
v0x240f6f0_0 .net *"_s160", 0 0, L_0x2416ec0;  1 drivers
v0x240f7d0_0 .net *"_s168", 0 0, L_0x2417300;  1 drivers
v0x240f8b0_0 .net/2u *"_s169", 0 0, L_0x7f762a373018;  1 drivers
v0x240f990_0 .net *"_s171", 0 0, L_0x2413460;  1 drivers
v0x240fa70_0 .net *"_s176", 0 0, L_0x2417870;  1 drivers
v0x240fb50_0 .net/2u *"_s177", 0 0, L_0x7f762a373060;  1 drivers
v0x240fc30_0 .net *"_s179", 0 0, L_0x2412700;  1 drivers
v0x240fd10_0 .net *"_s19", 0 0, L_0x2412e20;  1 drivers
v0x240fdf0_0 .net *"_s23", 0 0, L_0x2413050;  1 drivers
v0x240fed0_0 .net *"_s27", 0 0, L_0x2413290;  1 drivers
v0x240e2a0_0 .net *"_s29", 0 0, L_0x24133c0;  1 drivers
v0x240e380_0 .net *"_s3", 0 0, L_0x2412660;  1 drivers
v0x2410380_0 .net *"_s35", 0 0, L_0x2413810;  1 drivers
v0x2410460_0 .net *"_s41", 0 0, L_0x2413ad0;  1 drivers
v0x2410540_0 .net *"_s42", 0 0, L_0x2413b70;  1 drivers
v0x2410620_0 .net *"_s45", 0 0, L_0x2413d00;  1 drivers
v0x2410700_0 .net *"_s49", 0 0, L_0x2413ef0;  1 drivers
v0x24107e0_0 .net *"_s53", 0 0, L_0x2414200;  1 drivers
v0x24108c0_0 .net *"_s55", 0 0, L_0x24142a0;  1 drivers
v0x24109a0_0 .net *"_s61", 0 0, L_0x24145e0;  1 drivers
v0x2410a80_0 .net *"_s67", 0 0, L_0x24148a0;  1 drivers
v0x2410b60_0 .net *"_s68", 0 0, L_0x2414940;  1 drivers
v0x2410c40_0 .net *"_s7", 0 0, L_0x2412880;  1 drivers
v0x2410d20_0 .net *"_s73", 0 0, L_0x2414800;  1 drivers
v0x2410e00_0 .net *"_s75", 0 0, L_0x2414ae0;  1 drivers
v0x2410ee0_0 .net *"_s76", 0 0, L_0x24149e0;  1 drivers
v0x2410fc0_0 .net *"_s82", 0 0, L_0x2414b80;  1 drivers
v0x24110a0_0 .net *"_s84", 0 0, L_0x2414f30;  1 drivers
v0x2411180_0 .net *"_s85", 0 0, L_0x2414e10;  1 drivers
v0x2411260_0 .net *"_s9", 0 0, L_0x2412920;  1 drivers
v0x2411340_0 .net *"_s90", 0 0, L_0x24151a0;  1 drivers
v0x2411420_0 .net *"_s92", 0 0, L_0x2414fd0;  1 drivers
v0x2411500_0 .net *"_s93", 0 0, L_0x2415380;  1 drivers
v0x24115e0_0 .net *"_s99", 0 0, L_0x2415570;  1 drivers
L_0x2412590 .part v0x2411bc0_0, 0, 1;
L_0x2412660 .part v0x2411bc0_0, 1, 1;
L_0x2412880 .part L_0x2417210, 0, 1;
L_0x2412920 .part v0x2411bc0_0, 1, 1;
L_0x2412b60 .part v0x2411bc0_0, 0, 1;
L_0x2412c00 .part L_0x2417780, 1, 1;
L_0x2412e20 .part v0x240cad0_0, 2, 1;
L_0x2412f10 .functor MUXZ 1, L_0x2412e20, v0x2411e60_0, v0x24119e0_0, C4<>;
L_0x2413050 .part v0x240cad0_0, 3, 1;
L_0x24130f0 .functor MUXZ 1, L_0x2412f10, L_0x2413050, L_0x24127c0, C4<>;
L_0x2413290 .part v0x240cad0_0, 0, 1;
L_0x24133c0 .part v0x240cad0_0, 2, 1;
L_0x24134d0 .functor MUXZ 1, L_0x24133c0, L_0x2413290, v0x24119e0_0, C4<>;
L_0x2413600 .functor MUXZ 1, L_0x24134d0, L_0x24130f0, L_0x2412a20, C4<>;
L_0x2413810 .part v0x24118d0_0, 3, 1;
L_0x24138b0 .functor MUXZ 1, L_0x2413810, L_0x2413600, L_0x2412d10, C4<>;
L_0x2413ad0 .part v0x240cad0_0, 3, 1;
L_0x2413b70 .functor MUXZ 1, L_0x2413ad0, L_0x24138b0, v0x2411ad0_0, C4<>;
L_0x2413d00 .part v0x240cad0_0, 1, 1;
L_0x2413da0 .functor MUXZ 1, v0x2411e60_0, L_0x2413d00, v0x24119e0_0, C4<>;
L_0x2413ef0 .part v0x240cad0_0, 0, 1;
L_0x24140a0 .functor MUXZ 1, L_0x2413da0, L_0x2413ef0, L_0x24127c0, C4<>;
L_0x2414200 .part v0x240cad0_0, 1, 1;
L_0x24142a0 .part v0x240cad0_0, 3, 1;
L_0x2414140 .functor MUXZ 1, L_0x24142a0, L_0x2414200, v0x24119e0_0, C4<>;
L_0x2414460 .functor MUXZ 1, L_0x2414140, L_0x24140a0, L_0x2412a20, C4<>;
L_0x24145e0 .part v0x24118d0_0, 0, 1;
L_0x2414710 .functor MUXZ 1, L_0x24145e0, L_0x2414460, L_0x2412d10, C4<>;
L_0x24148a0 .part v0x240cad0_0, 0, 1;
L_0x2414940 .functor MUXZ 1, L_0x24148a0, L_0x2414710, v0x2411ad0_0, C4<>;
L_0x2414800 .part v0x240cad0_0, 1, 1;
L_0x2414ae0 .part L_0x2415290, 0, 1;
L_0x24149e0 .functor MUXZ 1, L_0x2414ae0, L_0x2414800, L_0x24127c0, C4<>;
L_0x2414d20 .concat8 [ 1 1 0 0], L_0x24149e0, L_0x2414e10;
L_0x2414b80 .part v0x240cad0_0, 2, 1;
L_0x2414f30 .part L_0x2415290, 1, 1;
L_0x2414e10 .functor MUXZ 1, L_0x2414f30, L_0x2414b80, L_0x24127c0, C4<>;
L_0x24151a0 .part v0x240cad0_0, 2, 1;
L_0x2414fd0 .part v0x240cad0_0, 0, 1;
L_0x2415380 .functor MUXZ 1, L_0x2414fd0, L_0x24151a0, v0x24119e0_0, C4<>;
L_0x2415290 .concat8 [ 1 1 0 0], L_0x2415380, L_0x2415420;
L_0x2415570 .part v0x240cad0_0, 3, 1;
L_0x2413f90 .part v0x240cad0_0, 1, 1;
L_0x2415420 .functor MUXZ 1, L_0x2413f90, L_0x2415570, v0x24119e0_0, C4<>;
L_0x2415aa0 .part L_0x2414d20, 0, 1;
L_0x2415b40 .part L_0x2415290, 0, 1;
L_0x2415820 .functor MUXZ 1, L_0x2415b40, L_0x2415aa0, L_0x2412a20, C4<>;
L_0x2415df0 .concat8 [ 1 1 0 0], L_0x2415820, L_0x2416080;
L_0x2415c70 .part L_0x2414d20, 1, 1;
L_0x2415d10 .part L_0x2415290, 1, 1;
L_0x2416080 .functor MUXZ 1, L_0x2415d10, L_0x2415c70, L_0x2412a20, C4<>;
L_0x2416210 .part L_0x2415df0, 0, 1;
L_0x2415ee0 .part v0x24118d0_0, 1, 1;
L_0x2415f80 .functor MUXZ 1, L_0x2415ee0, L_0x2416210, L_0x2412d10, C4<>;
L_0x2416550 .concat8 [ 1 1 0 0], L_0x2415f80, L_0x24163a0;
L_0x2416640 .part L_0x2415df0, 1, 1;
L_0x2416300 .part v0x24118d0_0, 2, 1;
L_0x24163a0 .functor MUXZ 1, L_0x2416300, L_0x2416640, L_0x2412d10, C4<>;
L_0x2416960 .part L_0x2416550, 0, 1;
L_0x2416a50 .part v0x240cad0_0, 1, 1;
L_0x24166e0 .functor MUXZ 1, L_0x2416a50, L_0x2416960, v0x2411ad0_0, C4<>;
L_0x2416820 .concat8 [ 1 1 1 1], L_0x2414940, L_0x24166e0, L_0x2416c30, L_0x2413b70;
L_0x2416af0 .part L_0x2416550, 1, 1;
L_0x2416b90 .part v0x240cad0_0, 2, 1;
L_0x2416c30 .functor MUXZ 1, L_0x2416b90, L_0x2416af0, v0x2411ad0_0, C4<>;
L_0x24170d0 .functor MUXZ 1, v0x240cc80_0, L_0x2417490, v0x2411ad0_0, C4<>;
L_0x2416e20 .part v0x240cad0_0, 0, 1;
L_0x2416ec0 .part v0x240cad0_0, 3, 1;
L_0x24173a0 .functor MUXZ 1, L_0x2416ec0, L_0x2416e20, v0x24119e0_0, C4<>;
L_0x2417490 .functor MUXZ 1, L_0x24173a0, v0x240cc80_0, L_0x24127c0, C4<>;
L_0x2417210 .part/pv L_0x2413460, 0, 1, 2;
L_0x2417300 .part v0x2411bc0_0, 0, 1;
L_0x2417780 .part/pv L_0x2412700, 1, 1, 2;
L_0x2417870 .part v0x2411bc0_0, 1, 1;
    .scope S_0x23b4250;
T_0 ;
    %wait E_0x23fa520;
    %delay 2770894848, 1862;
    %load/vec4 v0x23fa660_0;
    %assign/vec4 v0x23fa720_0, 0;
    %jmp T_0;
    .thread T_0;
    .scope S_0x23b8e80;
T_1 ;
    %wait E_0x23fa870;
    %load/vec4 v0x23fac00_0;
    %flag_set/vec4 8;
    %jmp/0xz  T_1.0, 8;
    %pushi/vec4 1, 0, 1;
    %assign/vec4 v0x23faa70_0, 0;
    %jmp T_1.1;
T_1.0 ;
    %load/vec4 v0x23fab40_0;
    %flag_set/vec4 8;
    %jmp/0xz  T_1.2, 8;
    %pushi/vec4 0, 0, 1;
    %assign/vec4 v0x23faa70_0, 0;
    %jmp T_1.3;
T_1.2 ;
    %load/vec4 v0x23fa9b0_0;
    %assign/vec4 v0x23faa70_0, 0;
T_1.3 ;
T_1.1 ;
    %jmp T_1;
    .thread T_1;
    .scope S_0x23fc360;
T_2 ;
    %wait E_0x23fbab0;
    %load/vec4 v0x240cd60_0;
    %parti/s 1, 0, 2;
    %ix/load 4, 0, 0;
    %ix/load 5, 0, 0;
    %flag_set/imm 4, 0;
    %assign/vec4/off/d v0x240cad0_0, 4, 5;
    %jmp T_2;
    .thread T_2;
    .scope S_0x23fc360;
T_3 ;
    %wait E_0x23fbab0;
    %load/vec4 v0x240cd60_0;
    %parti/s 1, 1, 2;
    %ix/load 4, 1, 0;
    %ix/load 5, 0, 0;
    %flag_set/imm 4, 0;
    %assign/vec4/off/d v0x240cad0_0, 4, 5;
    %jmp T_3;
    .thread T_3;
    .scope S_0x23fc360;
T_4 ;
    %wait E_0x23fbab0;
    %load/vec4 v0x240cd60_0;
    %parti/s 1, 2, 3;
    %ix/load 4, 2, 0;
    %ix/load 5, 0, 0;
    %flag_set/imm 4, 0;
    %assign/vec4/off/d v0x240cad0_0, 4, 5;
    %jmp T_4;
    .thread T_4;
    .scope S_0x23fc360;
T_5 ;
    %wait E_0x23fbab0;
    %load/vec4 v0x240cd60_0;
    %parti/s 1, 3, 3;
    %ix/load 4, 3, 0;
    %ix/load 5, 0, 0;
    %flag_set/imm 4, 0;
    %assign/vec4/off/d v0x240cad0_0, 4, 5;
    %jmp T_5;
    .thread T_5;
    .scope S_0x23fc360;
T_6 ;
    %wait E_0x23fbab0;
    %load/vec4 v0x240ced0_0;
    %assign/vec4 v0x240cc80_0, 0;
    %jmp T_6;
    .thread T_6;
    .scope S_0x23fb7a0;
T_7 ;
    %wait E_0x23fbab0;
    %load/vec4 v0x23fbdc0_0;
    %flag_set/vec4 8;
    %jmp/0xz  T_7.0, 8;
    %load/vec4 v0x23fbe80_0;
    %cmpi/e 0, 0, 2;
    %jmp/0xz  T_7.2, 6;
    %pushi/vec4 1, 0, 1;
    %store/vec4 v0x23fc150_0, 0, 1;
    %load/vec4 v0x23fbcf0_0;
    %nor/r;
    %flag_set/vec4 8;
    %jmp/0xz  T_7.4, 8;
    %load/vec4 v0x23fbfb0_0;
    %parti/s 3, 0, 2;
    %load/vec4 v0x23fc090_0;
    %concat/vec4; draw_concat_vec4
    %assign/vec4 v0x23fbfb0_0, 0;
    %load/vec4 v0x23fbfb0_0;
    %parti/s 1, 3, 3;
    %assign/vec4 v0x23fc150_0, 0;
    %jmp T_7.5;
T_7.4 ;
    %load/vec4 v0x23fc090_0;
    %load/vec4 v0x23fbfb0_0;
    %parti/s 3, 1, 2;
    %concat/vec4; draw_concat_vec4
    %assign/vec4 v0x23fbfb0_0, 0;
    %load/vec4 v0x23fbfb0_0;
    %parti/s 1, 0, 2;
    %assign/vec4 v0x23fc150_0, 0;
T_7.5 ;
T_7.2 ;
    %load/vec4 v0x23fbe80_0;
    %cmpi/e 1, 0, 2;
    %jmp/0xz  T_7.6, 6;
    %load/vec4 v0x23fbcf0_0;
    %nor/r;
    %flag_set/vec4 8;
    %jmp/0xz  T_7.8, 8;
    %load/vec4 v0x23fbfb0_0;
    %parti/s 3, 0, 2;
    %ix/load 4, 1, 0;
    %ix/load 5, 0, 0;
    %flag_set/imm 4, 0;
    %assign/vec4/off/d v0x23fbfb0_0, 4, 5;
    %load/vec4 v0x23fbfb0_0;
    %parti/s 1, 3, 3;
    %ix/load 4, 0, 0;
    %ix/load 5, 0, 0;
    %flag_set/imm 4, 0;
    %assign/vec4/off/d v0x23fbfb0_0, 4, 5;
    %jmp T_7.9;
T_7.8 ;
    %load/vec4 v0x23fbfb0_0;
    %parti/s 1, 0, 2;
    %ix/load 4, 3, 0;
    %ix/load 5, 0, 0;
    %flag_set/imm 4, 0;
    %assign/vec4/off/d v0x23fbfb0_0, 4, 5;
    %load/vec4 v0x23fbfb0_0;
    %parti/s 3, 1, 2;
    %ix/load 4, 0, 0;
    %ix/load 5, 0, 0;
    %flag_set/imm 4, 0;
    %assign/vec4/off/d v0x23fbfb0_0, 4, 5;
T_7.9 ;
T_7.6 ;
    %load/vec4 v0x23fbe80_0;
    %cmpi/e 2, 0, 2;
    %jmp/0xz  T_7.10, 6;
    %load/vec4 v0x23fbc10_0;
    %assign/vec4 v0x23fbfb0_0, 0;
T_7.10 ;
T_7.0 ;
    %jmp T_7;
    .thread T_7;
    .scope S_0x23b67f0;
T_8 ;
    %delay 50000, 0;
    %pushi/vec4 0, 0, 1;
    %store/vec4 v0x2411810_0, 0, 1;
    %end;
    .thread T_8;
    .scope S_0x23b67f0;
T_9 ;
    %delay 17400, 0;
    %load/vec4 v0x2411810_0;
    %inv;
    %store/vec4 v0x2411810_0, 0, 1;
    %jmp T_9;
    .thread T_9;
    .scope S_0x23b67f0;
T_10 ;
    %wait E_0x23fb740;
    %load/vec4 v0x2411dc0_0;
    %load/vec4 v0x2411d00_0;
    %cmp/ne;
    %jmp/0xz  T_10.0, 4;
    %vpi_call 3 68 "$display", "<<<<<<<<<<<<<<<<HAY ADiferencias entre las salidas  q  >>>>>>>>>>>>>>>>>>>" {0 0 0};
T_10.0 ;
    %jmp T_10;
    .thread T_10, $push;
    .scope S_0x23b67f0;
T_11 ;
    %wait E_0x23fb6e0;
    %load/vec4 v0x2411f50_0;
    %load/vec4 v0x2412080_0;
    %cmp/ne;
    %jmp/0xz  T_11.0, 4;
    %vpi_call 3 73 "$display", "<<<<<<<<<<<<<<<<HAY ADiferencias entre las salidas s_out  >>>>>>>>>>>>>>>>>>>" {0 0 0};
T_11.0 ;
    %jmp T_11;
    .thread T_11, $push;
    .scope S_0x23b67f0;
T_12 ;
    %delay 50000, 0;
    %wait E_0x23fbab0;
    %pushi/vec4 0, 0, 2;
    %assign/vec4 v0x2411bc0_0, 0;
    %delay 10000, 0;
    %vpi_call 3 92 "$display", "se carga 0000" {0 0 0};
    %wait E_0x23fbab0;
    %pushi/vec4 1, 0, 1;
    %assign/vec4 v0x2411ad0_0, 0;
    %pushi/vec4 2, 0, 2;
    %assign/vec4 v0x2411bc0_0, 0;
    %pushi/vec4 0, 0, 4;
    %assign/vec4 v0x24118d0_0, 0;
    %pushi/vec4 1, 1, 1;
    %assign/vec4 v0x24119e0_0, 0;
    %delay 50000, 0;
    %vpi_call 3 100 "$display", "se carga 0001" {0 0 0};
    %wait E_0x23fbab0;
    %pushi/vec4 2, 0, 2;
    %assign/vec4 v0x2411bc0_0, 0;
    %pushi/vec4 1, 0, 4;
    %assign/vec4 v0x24118d0_0, 0;
    %pushi/vec4 1, 1, 1;
    %assign/vec4 v0x24119e0_0, 0;
    %delay 50000, 0;
    %vpi_call 3 107 "$display", "se carga 0010" {0 0 0};
    %wait E_0x23fbab0;
    %pushi/vec4 2, 0, 2;
    %assign/vec4 v0x2411bc0_0, 0;
    %pushi/vec4 2, 0, 4;
    %assign/vec4 v0x24118d0_0, 0;
    %pushi/vec4 1, 1, 1;
    %assign/vec4 v0x24119e0_0, 0;
    %delay 50000, 0;
    %vpi_call 3 114 "$display", "se carga 0100" {0 0 0};
    %wait E_0x23fbab0;
    %pushi/vec4 2, 0, 2;
    %assign/vec4 v0x2411bc0_0, 0;
    %pushi/vec4 4, 0, 4;
    %assign/vec4 v0x24118d0_0, 0;
    %pushi/vec4 1, 1, 1;
    %assign/vec4 v0x24119e0_0, 0;
    %delay 50000, 0;
    %vpi_call 3 121 "$display", "se carga 1000" {0 0 0};
    %wait E_0x23fbab0;
    %pushi/vec4 2, 0, 2;
    %assign/vec4 v0x2411bc0_0, 0;
    %pushi/vec4 8, 0, 4;
    %assign/vec4 v0x24118d0_0, 0;
    %pushi/vec4 1, 1, 1;
    %assign/vec4 v0x24119e0_0, 0;
    %delay 50000, 0;
    %vpi_call 3 128 "$display", "se carga 0000" {0 0 0};
    %wait E_0x23fbab0;
    %pushi/vec4 1, 0, 1;
    %assign/vec4 v0x2411ad0_0, 0;
    %pushi/vec4 2, 0, 2;
    %assign/vec4 v0x2411bc0_0, 0;
    %pushi/vec4 0, 0, 4;
    %assign/vec4 v0x24118d0_0, 0;
    %pushi/vec4 1, 1, 1;
    %assign/vec4 v0x24119e0_0, 0;
    %delay 50000, 0;
    %vpi_call 3 136 "$display", "se carga 0001" {0 0 0};
    %wait E_0x23fbab0;
    %pushi/vec4 2, 0, 2;
    %assign/vec4 v0x2411bc0_0, 0;
    %pushi/vec4 1, 0, 4;
    %assign/vec4 v0x24118d0_0, 0;
    %pushi/vec4 1, 1, 1;
    %assign/vec4 v0x24119e0_0, 0;
    %delay 50000, 0;
    %vpi_call 3 143 "$display", "se carga 0011" {0 0 0};
    %wait E_0x23fbab0;
    %pushi/vec4 2, 0, 2;
    %assign/vec4 v0x2411bc0_0, 0;
    %pushi/vec4 3, 0, 4;
    %assign/vec4 v0x24118d0_0, 0;
    %pushi/vec4 1, 1, 1;
    %assign/vec4 v0x24119e0_0, 0;
    %delay 50000, 0;
    %vpi_call 3 150 "$display", "se carga 0111" {0 0 0};
    %wait E_0x23fbab0;
    %pushi/vec4 2, 0, 2;
    %assign/vec4 v0x2411bc0_0, 0;
    %pushi/vec4 7, 0, 4;
    %assign/vec4 v0x24118d0_0, 0;
    %pushi/vec4 1, 1, 1;
    %assign/vec4 v0x24119e0_0, 0;
    %delay 50000, 0;
    %vpi_call 3 157 "$display", "se carga 1111" {0 0 0};
    %wait E_0x23fbab0;
    %pushi/vec4 2, 0, 2;
    %assign/vec4 v0x2411bc0_0, 0;
    %pushi/vec4 15, 0, 4;
    %assign/vec4 v0x24118d0_0, 0;
    %pushi/vec4 1, 1, 1;
    %assign/vec4 v0x24119e0_0, 0;
    %delay 200000, 0;
    %vpi_call 3 166 "$display", "---\012Modo de Carga en Serie\012---" {0 0 0};
    %vpi_call 3 167 "$display", "Hacia la izquierda" {0 0 0};
    %vpi_call 3 168 "$display", "con s_in = 0" {0 0 0};
    %wait E_0x23fbab0;
    %pushi/vec4 0, 15, 4;
    %assign/vec4 v0x24118d0_0, 0;
    %pushi/vec4 0, 0, 2;
    %assign/vec4 v0x2411bc0_0, 0;
    %pushi/vec4 0, 0, 1;
    %assign/vec4 v0x24119e0_0, 0;
    %pushi/vec4 0, 0, 1;
    %assign/vec4 v0x2411e60_0, 0;
    %delay 400000, 0;
    %vpi_call 3 176 "$display", "con s_in = 1" {0 0 0};
    %wait E_0x23fbab0;
    %pushi/vec4 1, 0, 1;
    %assign/vec4 v0x2411e60_0, 0;
    %delay 400000, 0;
    %vpi_call 3 181 "$display", "Hacia la derecha" {0 0 0};
    %vpi_call 3 182 "$display", "con s_in = 0" {0 0 0};
    %wait E_0x23fbab0;
    %pushi/vec4 1, 0, 1;
    %assign/vec4 v0x24119e0_0, 0;
    %pushi/vec4 0, 0, 1;
    %assign/vec4 v0x2411e60_0, 0;
    %delay 400000, 0;
    %vpi_call 3 188 "$display", "con s_in = 1" {0 0 0};
    %wait E_0x23fbab0;
    %pushi/vec4 1, 0, 1;
    %assign/vec4 v0x2411e60_0, 0;
    %delay 90000, 0;
    %vpi_call 3 193 "$display", "con s_in = 1" {0 0 0};
    %wait E_0x23fbab0;
    %pushi/vec4 0, 0, 1;
    %assign/vec4 v0x2411e60_0, 0;
    %delay 60000, 0;
    %vpi_call 3 198 "$display", "con s_in = 1" {0 0 0};
    %wait E_0x23fbab0;
    %pushi/vec4 1, 0, 1;
    %assign/vec4 v0x2411e60_0, 0;
    %delay 40000, 0;
    %vpi_call 3 203 "$display", "con s_in = 1" {0 0 0};
    %wait E_0x23fbab0;
    %pushi/vec4 0, 0, 1;
    %assign/vec4 v0x2411e60_0, 0;
    %delay 550000, 0;
    %wait E_0x23fbab0;
    %vpi_call 3 211 "$display", "Hacemos otra carga paralela antes de la rotacion circular" {0 0 0};
    %delay 60000, 0;
    %vpi_call 3 213 "$display", "se carga 0111" {0 0 0};
    %wait E_0x23fbab0;
    %pushi/vec4 2, 0, 2;
    %assign/vec4 v0x2411bc0_0, 0;
    %pushi/vec4 7, 0, 4;
    %assign/vec4 v0x24118d0_0, 0;
    %pushi/vec4 1, 1, 1;
    %assign/vec4 v0x24119e0_0, 0;
    %delay 200000, 0;
    %vpi_call 3 223 "$display", "---\012Modo de rotacion circular\012---" {0 0 0};
    %vpi_call 3 224 "$display", "Hacia la izquierda" {0 0 0};
    %wait E_0x23fbab0;
    %pushi/vec4 0, 15, 4;
    %assign/vec4 v0x24118d0_0, 0;
    %pushi/vec4 1, 0, 2;
    %assign/vec4 v0x2411bc0_0, 0;
    %pushi/vec4 0, 0, 1;
    %assign/vec4 v0x24119e0_0, 0;
    %delay 400000, 0;
    %vpi_call 3 231 "$display", "Hacia la derecha" {0 0 0};
    %wait E_0x23fbab0;
    %pushi/vec4 1, 0, 1;
    %assign/vec4 v0x24119e0_0, 0;
    %delay 550000, 0;
    %wait E_0x23fbab0;
    %vpi_call 3 238 "$display", "------------------------------------" {0 0 0};
    %vpi_call 3 239 "$display", "##### FIN TEST DE REGISTRO    #####-" {0 0 0};
    %vpi_call 3 240 "$display", "------------------------------------" {0 0 0};
    %vpi_call 3 242 "$finish" {0 0 0};
    %end;
    .thread T_12;
    .scope S_0x23b67f0;
T_13 ;
    %vpi_call 3 247 "$dumpfile", "./tests/testregistro4bits.vcd" {0 0 0};
    %vpi_call 3 248 "$dumpvars" {0 0 0};
    %vpi_call 3 249 "$display", "------------------------------------" {0 0 0};
    %vpi_call 3 250 "$display", "-- Test para modulo registro4bits --" {0 0 0};
    %vpi_call 3 251 "$display", "------------------------------------" {0 0 0};
    %vpi_call 3 252 "$display", "\011     tiempo | enb | dir | s_in | modo | d    | q    | s_out | tiempo" {0 0 0};
    %vpi_call 3 253 "$monitor", "%t| %b   | %b   | %b    | %b   | %b | %b | %b     | %f ns", $time, v0x2411ad0_0, v0x24119e0_0, v0x2411e60_0, v0x2411bc0_0, v0x24118d0_0, v0x2411d00_0, v0x2411f50_0, $realtime {0 0 0};
    %end;
    .thread T_13;
# The file index is used to find the file name in the following table.
:file_names 6;
    "N/A";
    "<interactive>";
    "./../lib/cmos_tech.v";
    "test.v";
    "./sreg.v";
    "./build/rtlil.v";
